<?xml version="1.0" encoding="UTF-8"?>
<Site BuildName="Win32-MSBuild"
	BuildStamp="20260302-1004-Experimental"
	Name="DESKTOP-MLDECNJ"
	Generator="ctest-4.2.1"
	CompilerName="C:/Program Files (x86)/Microsoft Visual Studio/2019/BuildTools/VC/Tools/MSVC/14.29.30133/bin/Hostx64/x64/cl.exe"
	CompilerVersion="19.29.30159.0"
	OSName="Windows"
	Hostname="DESKTOP-MLDECNJ"
	OSRelease="10.0.19045"
	OSVersion="Windows 10"
	OSPlatform="AMD64"
	Is64Bits="1"
	VendorString="GenuineIntel"
	VendorID="Intel Corporation"
	FamilyID="6"
	ModelID="10"
	ModelName=""
	ProcessorCacheSize="-1"
	NumberOfLogicalCPU="20"
	NumberOfPhysicalCPU="14"
	TotalVirtualMemory="29725"
	TotalPhysicalMemory="16003"
	LogicalProcessorsPerPhysical="1"
	ProcessorClockFrequency="2300"
	>
	<Testing>
		<StartDateTime>Mar 09 23:33 Pacific Daylight Time</StartDateTime>
		<StartTestTime>1773124388</StartTestTime>
		<TestList/>
		<EndDateTime>Mar 09 23:33 Pacific Daylight Time</EndDateTime>
		<EndTestTime>1773124388</EndTestTime>
		<ElapsedMinutes>0</ElapsedMinutes>
	</Testing>
</Site>
